/cluster/home/cowen03/cluster/home/cowen03/condaenv/capstoneenv/lib/python3.10/site-packages/xgboost/core.py:265: FutureWarning: Your system has an old version of glibc (< 2.28). We will stop supporting Linux distros with glibc older than 2.28 after **May 31, 2025**. Please upgrade to a recent Linux distro (with glibc 2.28+) to use future versions of XGBoost.
Note: You have installed the 'manylinux2014' variant of XGBoost. Certain features such as GPU algorithms or federated learning are not available. To use these features, please upgrade to a recent Linux distro with glibc 2.28+, and install the 'manylinux_2_28' variant.
  warnings.warn(
/cluster/home/cowen03/cluster/home/cowen03/condaenv/capstoneenv/lib/python3.10/site-packages/xgboost/core.py:265: FutureWarning: Your system has an old version of glibc (< 2.28). We will stop supporting Linux distros with glibc older than 2.28 after **May 31, 2025**. Please upgrade to a recent Linux distro (with glibc 2.28+) to use future versions of XGBoost.
Note: You have installed the 'manylinux2014' variant of XGBoost. Certain features such as GPU algorithms or federated learning are not available. To use these features, please upgrade to a recent Linux distro with glibc 2.28+, and install the 'manylinux_2_28' variant.
  warnings.warn(
/cluster/home/cowen03/cluster/home/cowen03/condaenv/capstoneenv/lib/python3.10/site-packages/xgboost/core.py:265: FutureWarning: Your system has an old version of glibc (< 2.28). We will stop supporting Linux distros with glibc older than 2.28 after **May 31, 2025**. Please upgrade to a recent Linux distro (with glibc 2.28+) to use future versions of XGBoost.
Note: You have installed the 'manylinux2014' variant of XGBoost. Certain features such as GPU algorithms or federated learning are not available. To use these features, please upgrade to a recent Linux distro with glibc 2.28+, and install the 'manylinux_2_28' variant.
  warnings.warn(
/cluster/home/cowen03/cluster/home/cowen03/condaenv/capstoneenv/lib/python3.10/site-packages/xgboost/core.py:265: FutureWarning: Your system has an old version of glibc (< 2.28). We will stop supporting Linux distros with glibc older than 2.28 after **May 31, 2025**. Please upgrade to a recent Linux distro (with glibc 2.28+) to use future versions of XGBoost.
Note: You have installed the 'manylinux2014' variant of XGBoost. Certain features such as GPU algorithms or federated learning are not available. To use these features, please upgrade to a recent Linux distro with glibc 2.28+, and install the 'manylinux_2_28' variant.
  warnings.warn(
/cluster/home/cowen03/cluster/home/cowen03/condaenv/capstoneenv/lib/python3.10/site-packages/xgboost/core.py:265: FutureWarning: Your system has an old version of glibc (< 2.28). We will stop supporting Linux distros with glibc older than 2.28 after **May 31, 2025**. Please upgrade to a recent Linux distro (with glibc 2.28+) to use future versions of XGBoost.
Note: You have installed the 'manylinux2014' variant of XGBoost. Certain features such as GPU algorithms or federated learning are not available. To use these features, please upgrade to a recent Linux distro with glibc 2.28+, and install the 'manylinux_2_28' variant.
  warnings.warn(
Traceback (most recent call last):
  File "/cluster/home/cowen03/cluster/home/cowen03/capstone/train.py", line 69, in <module>
    grid_search.fit(X_train_clean, y_train)
  File "/cluster/home/cowen03/cluster/home/cowen03/condaenv/capstoneenv/lib/python3.10/site-packages/sklearn/base.py", line 1473, in wrapper
    return fit_method(estimator, *args, **kwargs)
  File "/cluster/home/cowen03/cluster/home/cowen03/condaenv/capstoneenv/lib/python3.10/site-packages/sklearn/model_selection/_search.py", line 1018, in fit
    self._run_search(evaluate_candidates)
  File "/cluster/home/cowen03/cluster/home/cowen03/condaenv/capstoneenv/lib/python3.10/site-packages/sklearn/model_selection/_search.py", line 1572, in _run_search
    evaluate_candidates(ParameterGrid(self.param_grid))
  File "/cluster/home/cowen03/cluster/home/cowen03/condaenv/capstoneenv/lib/python3.10/site-packages/sklearn/model_selection/_search.py", line 964, in evaluate_candidates
    out = parallel(
  File "/cluster/home/cowen03/cluster/home/cowen03/condaenv/capstoneenv/lib/python3.10/site-packages/sklearn/utils/parallel.py", line 74, in __call__
    return super().__call__(iterable_with_config)
  File "/cluster/home/cowen03/cluster/home/cowen03/condaenv/capstoneenv/lib/python3.10/site-packages/joblib/parallel.py", line 2007, in __call__
    return output if self.return_generator else list(output)
  File "/cluster/home/cowen03/cluster/home/cowen03/condaenv/capstoneenv/lib/python3.10/site-packages/joblib/parallel.py", line 1650, in _get_outputs
    yield from self._retrieve()
  File "/cluster/home/cowen03/cluster/home/cowen03/condaenv/capstoneenv/lib/python3.10/site-packages/joblib/parallel.py", line 1754, in _retrieve
    self._raise_error_fast()
  File "/cluster/home/cowen03/cluster/home/cowen03/condaenv/capstoneenv/lib/python3.10/site-packages/joblib/parallel.py", line 1789, in _raise_error_fast
    error_job.get_result(self.timeout)
  File "/cluster/home/cowen03/cluster/home/cowen03/condaenv/capstoneenv/lib/python3.10/site-packages/joblib/parallel.py", line 745, in get_result
    return self._return_or_raise()
  File "/cluster/home/cowen03/cluster/home/cowen03/condaenv/capstoneenv/lib/python3.10/site-packages/joblib/parallel.py", line 763, in _return_or_raise
    raise self._result
joblib.externals.loky.process_executor.TerminatedWorkerError: A worker process managed by the executor was unexpectedly terminated. This could be caused by a segmentation fault while calling the function or by an excessive memory usage causing the Operating System to kill the worker.

The exit codes of the workers are {SIGKILL(-9)}
slurmstepd: error: Detected 4 oom_kill events in StepId=5476719.batch. Some of the step tasks have been OOM Killed.
